2019-04-22 15:09:08,750 INFO "GET / HTTP/1.1" 200 523
2019-04-22 15:09:08,807 INFO "GET /static/css/app.af8f47c4f04506392850dadde0fa19f1.css HTTP/1.1" 304 0
2019-04-22 15:09:08,842 INFO "GET /static/js/manifest.2ae2e69a05c33dfc65f8.js HTTP/1.1" 200 857
2019-04-22 15:09:08,849 INFO "GET /static/js/app.7942b8c5903c4171393c.js HTTP/1.1" 200 90687
2019-04-22 15:09:09,014 INFO "GET /static/js/vendor.07ad04386f072d200144.js HTTP/1.1" 200 1607853
2019-04-22 15:09:09,676 INFO "GET /static/img/login-img.ca4e6fe.png HTTP/1.1" 200 136517
2019-04-22 15:09:09,733 WARNING Not Found: /favicon.ico
2019-04-22 15:09:09,734 WARNING "GET /favicon.ico HTTP/1.1" 404 3600
2019-04-22 15:09:13,846 INFO "GET /static/js/manifest.2ae2e69a05c33dfc65f8.js.map HTTP/1.1" 200 4972
2019-04-22 15:09:13,860 INFO "GET /static/js/app.7942b8c5903c4171393c.js.map HTTP/1.1" 200 352283
2019-04-22 15:09:13,906 INFO "GET /static/css/app.af8f47c4f04506392850dadde0fa19f1.css.map HTTP/1.1" 200 320667
2019-04-22 15:09:14,290 INFO "GET /static/js/vendor.07ad04386f072d200144.js.map HTTP/1.1" 200 7640480
2019-04-22 15:09:17,002 INFO "POST /api/v1/login/ HTTP/1.1" 200 143
2019-04-22 15:09:17,090 INFO "GET /v1/user/1/?userId=1&token=ea0759e378e27a889738410f9ce82904b3923107 HTTP/1.1" 200 92
2019-04-22 15:12:16,836 INFO "GET / HTTP/1.1" 200 523
2019-04-22 15:12:16,929 INFO "GET /static/js/manifest.2ae2e69a05c33dfc65f8.js HTTP/1.1" 200 857
2019-04-22 15:12:16,938 INFO "GET /static/js/app.7942b8c5903c4171393c.js HTTP/1.1" 200 90687
2019-04-22 15:12:16,944 INFO "GET /static/css/app.af8f47c4f04506392850dadde0fa19f1.css HTTP/1.1" 200 223542
2019-04-22 15:12:17,067 INFO "GET /static/js/vendor.07ad04386f072d200144.js HTTP/1.1" 200 1607853
2019-04-22 15:12:17,712 INFO "GET /static/img/login-img.ca4e6fe.png HTTP/1.1" 200 136517
2019-04-22 15:12:17,742 WARNING Not Found: /favicon.ico
2019-04-22 15:12:17,743 WARNING "GET /favicon.ico HTTP/1.1" 404 3600
2019-04-22 15:12:23,265 INFO "GET /static/js/manifest.2ae2e69a05c33dfc65f8.js.map HTTP/1.1" 200 4972
2019-04-22 15:12:23,324 INFO "GET /static/js/app.7942b8c5903c4171393c.js.map HTTP/1.1" 200 352283
2019-04-22 15:12:23,346 INFO "GET /static/css/app.af8f47c4f04506392850dadde0fa19f1.css.map HTTP/1.1" 200 320667
2019-04-22 15:12:23,849 INFO "GET /static/js/vendor.07ad04386f072d200144.js.map HTTP/1.1" 200 7640480
